#
# A fatal error has been detected by the Java Runtime Environment:
#
#  EXCEPTION_ACCESS_VIOLATION (0xc0000005) at pc=0x00007ffd899eeda5, pid=18840, tid=28688
#
# JRE version: OpenJDK Runtime Environment AdoptOpenJDK (11.0.8+10) (build 11.0.8+10)
# Java VM: OpenJDK 64-Bit Server VM AdoptOpenJDK (11.0.8+10, mixed mode, tiered, compressed oops, g1 gc, windows-amd64)
# Problematic frame:
# C  [ig9icd64.dll+0x7eda5]
#
# No core dump will be written. Minidumps are not enabled by default on client versions of Windows
#
# If you would like to submit a bug report, please visit:
#   https://github.com/AdoptOpenJDK/openjdk-support/issues
# The crash happened outside the Java Virtual Machine in native code.
# See problematic frame for where to report the bug.
#

---------------  S U M M A R Y ------------

Command Line: -Dfile.encoding=windows-1252 -Duser.country=US -Duser.language=en -Duser.variant -ea Main

Host: Intel(R) Core(TM) i5-9300H CPU @ 2.40GHz, 8 cores, 15G,  Windows 10 , 64 bit Build 19041 (10.0.19041.1202)
Time: Tue Oct 26 17:47:40 2021 Eastern Daylight Time elapsed time: 2 seconds (0d 0h 0m 2s)

---------------  T H R E A D  ---------------

Current thread (0x000001df8501f000):  JavaThread "main" [_thread_in_native, id=28688, stack(0x000000dbf9600000,0x000000dbf9700000)]

Stack: [0x000000dbf9600000,0x000000dbf9700000],  sp=0x000000dbf96fe230,  free space=1016k
Native frames: (J=compiled Java code, j=interpreted, Vv=VM code, C=native code)
C  [ig9icd64.dll+0x7eda5]

Java frames: (J=compiled Java code, j=interpreted, Vv=VM code)
j  org.lwjgl.opengl.GL11C.nglTexImage2D(IIIIIIIIJ)V+0
j  org.lwjgl.opengl.GL11C.glTexImage2D(IIIIIIIILjava/nio/ByteBuffer;)V+17
j  org.lwjgl.opengl.GL11.glTexImage2D(IIIIIIIILjava/nio/ByteBuffer;)V+14
j  renderer.Texture.<init>(Ljava/lang/String;)V+164
j  util.AssetPool.getTexture(Ljava/lang/String;)Lrenderer/Texture;+45
j  engine.LevelEditorScene.loadResources()V+14
j  engine.LevelEditorScene.init()V+1
j  engine.Window.changeScene(I)V+41
j  engine.Window.init()V+162
j  engine.Window.run()V+15
j  Main.main([Ljava/lang/String;)V+5
v  ~StubRoutines::call_stub

siginfo: EXCEPTION_ACCESS_VIOLATION (0xc0000005), reading address 0x000001dfb5d92000


Register to memory mapping:

RIP=0x00007ffd899eeda5 ig9icd64.dll
RAX=0x000000000000000b is an unknown value
RBX=0x000001dfae266c80 points into unknown readable memory: ff ff ff ff ff ff ff ff
RCX=0x0 is NULL
RDX=0x000001dfb5d91f90 points into unknown readable memory: 00 00 00 00 00 00 00 00
RSP=0x000000dbf96fe230 is pointing into the stack for thread: 0x000001df8501f000
RBP=0x000000dbf96fe360 is pointing into the stack for thread: 0x000001df8501f000
RSI=0x0000000000000002 is an unknown value
RDI=0x000001dfae267200 points into unknown readable memory: 00 00 00 00 00 00 00 00
R8 =0x0000000000000825 is an unknown value
R9 =0x0000000000000010 is an unknown value
R10=0x000000000000000c is an unknown value
R11=0x0000000000000828 is an unknown value
R12=0x00000000000001c1 is an unknown value
R13=0x000001dfade90000 points into unknown readable memory: ff ff ff ff ff ff ff ff
R14=0x0000000000000825 is an unknown value
R15=0x00007ffd89970000 ig9icd64.dll


Registers:
RAX=0x000000000000000b, RBX=0x000001dfae266c80, RCX=0x0000000000000000, RDX=0x000001dfb5d91f90
RSP=0x000000dbf96fe230, RBP=0x000000dbf96fe360, RSI=0x0000000000000002, RDI=0x000001dfae267200
R8 =0x0000000000000825, R9 =0x0000000000000010, R10=0x000000000000000c, R11=0x0000000000000828
R12=0x00000000000001c1, R13=0x000001dfade90000, R14=0x0000000000000825, R15=0x00007ffd89970000
RIP=0x00007ffd899eeda5, EFLAGS=0x0000000000010207

Top of Stack: (sp=0x000000dbf96fe230)
0x000000dbf96fe230:   0000000000000000 0000000000000000
0x000000dbf96fe240:   0000000000000000 0000000000000000
0x000000dbf96fe250:   000001dfb5d91a10 00007ffd8a314590
0x000000dbf96fe260:   0000000000000001 000000dbf96fe360
0x000000dbf96fe270:   0000000000000000 0000000000000000
0x000000dbf96fe280:   000000000000002a 000001df00000001
0x000000dbf96fe290:   000001dfb59c6040 000001dfb476d300
0x000000dbf96fe2a0:   0000000000000000 0000000000000000
0x000000dbf96fe2b0:   00007ffd8a635870 000001dfabb96e80
0x000000dbf96fe2c0:   00000775000002b7 0000002a00000000
0x000000dbf96fe2d0:   0000082800000003 000001dfb59c6040
0x000000dbf96fe2e0:   00000003abbc002a 00007ffd00000840
0x000000dbf96fe2f0:   000001dfade90000 000000dbf96fe370
0x000000dbf96fe300:   0000000000000775 000000dbf96fe370
0x000000dbf96fe310:   000000dbf96fe3d0 000001dfabd6dd10
0x000000dbf96fe320:   000001dfabbcb780 000001dfb4740ac0 

Instructions: (pc=0x00007ffd899eeda5)
0x00007ffd899eeca5:   4c 2b c0 0f 29 74 24 10 4d 8b c8 0f 29 3c 24 49
0x00007ffd899eecb5:   c1 e9 07 f6 c2 0f 0f 84 af 00 00 00 4d 85 c9 74
0x00007ffd899eecc5:   6b 66 66 0f 1f 84 00 00 00 00 00 f3 0f 6f 02 41
0x00007ffd899eecd5:   ff c2 f3 0f 6f 4a 10 41 8b c2 f3 0f 6f 52 20 f3
0x00007ffd899eece5:   0f 6f 5a 30 f3 0f 6f 62 40 f3 0f 6f 6a 50 f3 0f
0x00007ffd899eecf5:   6f 72 60 f3 0f 6f 7a 70 66 0f e7 07 66 0f e7 4f
0x00007ffd899eed05:   10 66 0f e7 57 20 66 0f e7 5f 30 66 0f e7 67 40
0x00007ffd899eed15:   66 0f e7 6f 50 66 0f e7 77 60 66 0f e7 7f 70 48
0x00007ffd899eed25:   83 ef 80 48 83 ea 80 49 3b c1 72 9f 41 83 e0 7f
0x00007ffd899eed35:   0f 84 e0 00 00 00 45 8b d0 44 8b c9 49 c1 ea 04
0x00007ffd899eed45:   4d 85 d2 0f 84 cd 00 00 00 66 90 f3 0f 6f 02 41
0x00007ffd899eed55:   ff c1 48 83 c2 10 41 8b c1 66 0f e7 07 48 83 c7
0x00007ffd899eed65:   10 49 3b c2 72 e5 e9 ab 00 00 00 4d 85 c9 74 6c
0x00007ffd899eed75:   66 66 66 0f 1f 84 00 00 00 00 00 f3 0f 6f 02 41
0x00007ffd899eed85:   ff c2 f3 0f 6f 4a 10 f3 0f 6f 52 20 f3 0f 6f 5a
0x00007ffd899eed95:   30 f3 0f 6f 62 40 f3 0f 6f 6a 50 f3 0f 6f 72 60
0x00007ffd899eeda5:   f3 0f 6f 7a 70 48 83 ea 80 66 0f e7 07 66 0f e7
0x00007ffd899eedb5:   4f 10 66 0f e7 57 20 66 0f e7 5f 30 66 0f e7 67
0x00007ffd899eedc5:   40 66 0f e7 6f 50 66 0f e7 77 60 66 0f e7 7f 70
0x00007ffd899eedd5:   48 83 ef 80 41 8b c2 49 3b c1 72 9f 41 83 e0 7f
0x00007ffd899eede5:   74 34 45 8b d0 44 8b c9 49 c1 ea 04 4d 85 d2 74
0x00007ffd899eedf5:   25 66 66 0f 1f 84 00 00 00 00 00 f3 0f 6f 02 41
0x00007ffd899eee05:   ff c1 66 0f e7 07 48 83 c7 10 41 8b c1 48 83 c2
0x00007ffd899eee15:   10 49 3b c2 72 e5 0f 28 74 24 10 0f 28 3c 24 41
0x00007ffd899eee25:   83 e0 0f 74 49 45 8b d0 44 8b c9 49 c1 ea 02 4d
0x00007ffd899eee35:   85 d2 74 1e 0f 1f 80 00 00 00 00 8b 02 41 ff c1
0x00007ffd899eee45:   89 07 48 83 c2 04 48 83 c7 04 41 8b c1 49 3b c2
0x00007ffd899eee55:   72 e9 41 83 e0 03 76 16 48 2b d7 0f b6 04 3a ff
0x00007ffd899eee65:   c1 88 07 48 8d 7f 01 8b c1 49 3b c0 72 ed 48 83
0x00007ffd899eee75:   c4 20 5f c3 cc cc cc cc cc cc cc 40 53 48 83 ec
0x00007ffd899eee85:   20 48 8b da 48 8b d1 48 8b 0b 48 85 c9 74 2d 48
0x00007ffd899eee95:   8b 01 48 8b 40 10 ff 15 5f d7 a4 00 48 8b 0b 48 


Stack slot to memory mapping:
stack at sp + 0 slots: 0x0 is NULL
stack at sp + 1 slots: 0x0 is NULL
stack at sp + 2 slots: 0x0 is NULL
stack at sp + 3 slots: 0x0 is NULL
stack at sp + 4 slots: 0x000001dfb5d91a10 points into unknown readable memory: ff ff ff ff ff ff ff ff
stack at sp + 5 slots: 0x00007ffd8a314590 ig9icd64.dll
stack at sp + 6 slots: 0x0000000000000001 is an unknown value
stack at sp + 7 slots: 0x000000dbf96fe360 is pointing into the stack for thread: 0x000001df8501f000


---------------  P R O C E S S  ---------------

Threads class SMR info:
_java_thread_list=0x000001dfab579ec0, length=10, elements={
0x000001df8501f000, 0x000001dfaaac4800, 0x000001dfab37a000, 0x000001dfab3c7800,
0x000001dfab3c9000, 0x000001dfab3cb000, 0x000001dfab3d7000, 0x000001dfab3db800,
0x000001dfab556000, 0x000001dfab57e800
}

Java Threads: ( => current thread )
=>0x000001df8501f000 JavaThread "main" [_thread_in_native, id=28688, stack(0x000000dbf9600000,0x000000dbf9700000)]
  0x000001dfaaac4800 JavaThread "Reference Handler" daemon [_thread_blocked, id=51344, stack(0x000000dbf9d00000,0x000000dbf9e00000)]
  0x000001dfab37a000 JavaThread "Finalizer" daemon [_thread_blocked, id=30128, stack(0x000000dbf9e00000,0x000000dbf9f00000)]
  0x000001dfab3c7800 JavaThread "Signal Dispatcher" daemon [_thread_blocked, id=30004, stack(0x000000dbf9f00000,0x000000dbfa000000)]
  0x000001dfab3c9000 JavaThread "Attach Listener" daemon [_thread_blocked, id=24376, stack(0x000000dbfa000000,0x000000dbfa100000)]
  0x000001dfab3cb000 JavaThread "C2 CompilerThread0" daemon [_thread_blocked, id=50700, stack(0x000000dbfa100000,0x000000dbfa200000)]
  0x000001dfab3d7000 JavaThread "C1 CompilerThread0" daemon [_thread_blocked, id=42660, stack(0x000000dbfa200000,0x000000dbfa300000)]
  0x000001dfab3db800 JavaThread "Sweeper thread" daemon [_thread_blocked, id=17816, stack(0x000000dbfa300000,0x000000dbfa400000)]
  0x000001dfab556000 JavaThread "Service Thread" daemon [_thread_blocked, id=23576, stack(0x000000dbfa400000,0x000000dbfa500000)]
  0x000001dfab57e800 JavaThread "Common-Cleaner" daemon [_thread_blocked, id=19308, stack(0x000000dbfa600000,0x000000dbfa700000)]

Other Threads:
  0x000001dfaaac1000 VMThread "VM Thread" [stack: 0x000000dbf9c00000,0x000000dbf9d00000] [id=52080]
  0x000001dfab54d000 WatcherThread [stack: 0x000000dbfa500000,0x000000dbfa600000] [id=42128]
  0x000001df85033800 GCTaskThread "GC Thread#0" [stack: 0x000000dbf9700000,0x000000dbf9800000] [id=21292]
  0x000001df85092000 ConcurrentGCThread "G1 Main Marker" [stack: 0x000000dbf9800000,0x000000dbf9900000] [id=45428]
  0x000001df85093800 ConcurrentGCThread "G1 Conc#0" [stack: 0x000000dbf9900000,0x000000dbf9a00000] [id=25124]
  0x000001dfaa9a3800 ConcurrentGCThread "G1 Refine#0" [stack: 0x000000dbf9a00000,0x000000dbf9b00000] [id=13608]
  0x000001dfaa9a6800 ConcurrentGCThread "G1 Young RemSet Sampling" [stack: 0x000000dbf9b00000,0x000000dbf9c00000] [id=45372]

Threads with active compile tasks:

VM state:not at safepoint (normal execution)

VM Mutex/Monitor currently owned by a thread: None

Heap address: 0x0000000703600000, size: 4042 MB, Compressed Oops mode: Zero based, Oop shift amount: 3
Narrow klass base: 0x0000000800000000, Narrow klass shift: 0
Compressed class space size: 1073741824 Address: 0x0000000800000000

Heap:
 garbage-first heap   total 260096K, used 14336K [0x0000000703600000, 0x0000000800000000)
  region size 1024K, 16 young (16384K), 0 survivors (0K)
 Metaspace       used 11327K, capacity 11472K, committed 11648K, reserved 1060864K
  class space    used 798K, capacity 850K, committed 896K, reserved 1048576K
Heap Regions: E=young(eden), S=young(survivor), O=old, HS=humongous(starts), HC=humongous(continues), CS=collection set, F=free, A=archive, TAMS=top-at-mark-start (previous, next)
|   0|0x0000000703600000, 0x0000000703600000, 0x0000000703700000|  0%| F|  |TAMS 0x0000000703600000, 0x0000000703600000| Untracked 
|   1|0x0000000703700000, 0x0000000703700000, 0x0000000703800000|  0%| F|  |TAMS 0x0000000703700000, 0x0000000703700000| Untracked 
|   2|0x0000000703800000, 0x0000000703800000, 0x0000000703900000|  0%| F|  |TAMS 0x0000000703800000, 0x0000000703800000| Untracked 
|   3|0x0000000703900000, 0x0000000703900000, 0x0000000703a00000|  0%| F|  |TAMS 0x0000000703900000, 0x0000000703900000| Untracked 
|   4|0x0000000703a00000, 0x0000000703a00000, 0x0000000703b00000|  0%| F|  |TAMS 0x0000000703a00000, 0x0000000703a00000| Untracked 
|   5|0x0000000703b00000, 0x0000000703b00000, 0x0000000703c00000|  0%| F|  |TAMS 0x0000000703b00000, 0x0000000703b00000| Untracked 
|   6|0x0000000703c00000, 0x0000000703c00000, 0x0000000703d00000|  0%| F|  |TAMS 0x0000000703c00000, 0x0000000703c00000| Untracked 
|   7|0x0000000703d00000, 0x0000000703d00000, 0x0000000703e00000|  0%| F|  |TAMS 0x0000000703d00000, 0x0000000703d00000| Untracked 
|   8|0x0000000703e00000, 0x0000000703e00000, 0x0000000703f00000|  0%| F|  |TAMS 0x0000000703e00000, 0x0000000703e00000| Untracked 
|   9|0x0000000703f00000, 0x0000000703f00000, 0x0000000704000000|  0%| F|  |TAMS 0x0000000703f00000, 0x0000000703f00000| Untracked 
|  10|0x0000000704000000, 0x0000000704000000, 0x0000000704100000|  0%| F|  |TAMS 0x0000000704000000, 0x0000000704000000| Untracked 
|  11|0x0000000704100000, 0x0000000704100000, 0x0000000704200000|  0%| F|  |TAMS 0x0000000704100000, 0x0000000704100000| Untracked 
|  12|0x0000000704200000, 0x0000000704200000, 0x0000000704300000|  0%| F|  |TAMS 0x0000000704200000, 0x0000000704200000| Untracked 
|  13|0x0000000704300000, 0x0000000704300000, 0x0000000704400000|  0%| F|  |TAMS 0x0000000704300000, 0x0000000704300000| Untracked 
|  14|0x0000000704400000, 0x0000000704400000, 0x0000000704500000|  0%| F|  |TAMS 0x0000000704400000, 0x0000000704400000| Untracked 
|  15|0x0000000704500000, 0x0000000704500000, 0x0000000704600000|  0%| F|  |TAMS 0x0000000704500000, 0x0000000704500000| Untracked 
|  16|0x0000000704600000, 0x0000000704600000, 0x0000000704700000|  0%| F|  |TAMS 0x0000000704600000, 0x0000000704600000| Untracked 
|  17|0x0000000704700000, 0x0000000704700000, 0x0000000704800000|  0%| F|  |TAMS 0x0000000704700000, 0x0000000704700000| Untracked 
|  18|0x0000000704800000, 0x0000000704800000, 0x0000000704900000|  0%| F|  |TAMS 0x0000000704800000, 0x0000000704800000| Untracked 
|  19|0x0000000704900000, 0x0000000704900000, 0x0000000704a00000|  0%| F|  |TAMS 0x0000000704900000, 0x0000000704900000| Untracked 
|  20|0x0000000704a00000, 0x0000000704a00000, 0x0000000704b00000|  0%| F|  |TAMS 0x0000000704a00000, 0x0000000704a00000| Untracked 
|  21|0x0000000704b00000, 0x0000000704b00000, 0x0000000704c00000|  0%| F|  |TAMS 0x0000000704b00000, 0x0000000704b00000| Untracked 
|  22|0x0000000704c00000, 0x0000000704c00000, 0x0000000704d00000|  0%| F|  |TAMS 0x0000000704c00000, 0x0000000704c00000| Untracked 
|  23|0x0000000704d00000, 0x0000000704d00000, 0x0000000704e00000|  0%| F|  |TAMS 0x0000000704d00000, 0x0000000704d00000| Untracked 
|  24|0x0000000704e00000, 0x0000000704e00000, 0x0000000704f00000|  0%| F|  |TAMS 0x0000000704e00000, 0x0000000704e00000| Untracked 
|  25|0x0000000704f00000, 0x0000000704f00000, 0x0000000705000000|  0%| F|  |TAMS 0x0000000704f00000, 0x0000000704f00000| Untracked 
|  26|0x0000000705000000, 0x0000000705000000, 0x0000000705100000|  0%| F|  |TAMS 0x0000000705000000, 0x0000000705000000| Untracked 
|  27|0x0000000705100000, 0x0000000705100000, 0x0000000705200000|  0%| F|  |TAMS 0x0000000705100000, 0x0000000705100000| Untracked 
|  28|0x0000000705200000, 0x0000000705200000, 0x0000000705300000|  0%| F|  |TAMS 0x0000000705200000, 0x0000000705200000| Untracked 
|  29|0x0000000705300000, 0x0000000705300000, 0x0000000705400000|  0%| F|  |TAMS 0x0000000705300000, 0x0000000705300000| Untracked 
|  30|0x0000000705400000, 0x0000000705400000, 0x0000000705500000|  0%| F|  |TAMS 0x0000000705400000, 0x0000000705400000| Untracked 
|  31|0x0000000705500000, 0x0000000705500000, 0x0000000705600000|  0%| F|  |TAMS 0x0000000705500000, 0x0000000705500000| Untracked 
|  32|0x0000000705600000, 0x0000000705600000, 0x0000000705700000|  0%| F|  |TAMS 0x0000000705600000, 0x0000000705600000| Untracked 
|  33|0x0000000705700000, 0x0000000705700000, 0x0000000705800000|  0%| F|  |TAMS 0x0000000705700000, 0x0000000705700000| Untracked 
|  34|0x0000000705800000, 0x0000000705800000, 0x0000000705900000|  0%| F|  |TAMS 0x0000000705800000, 0x0000000705800000| Untracked 
|  35|0x0000000705900000, 0x0000000705900000, 0x0000000705a00000|  0%| F|  |TAMS 0x0000000705900000, 0x0000000705900000| Untracked 
|  36|0x0000000705a00000, 0x0000000705a00000, 0x0000000705b00000|  0%| F|  |TAMS 0x0000000705a00000, 0x0000000705a00000| Untracked 
|  37|0x0000000705b00000, 0x0000000705b00000, 0x0000000705c00000|  0%| F|  |TAMS 0x0000000705b00000, 0x0000000705b00000| Untracked 
|  38|0x0000000705c00000, 0x0000000705c00000, 0x0000000705d00000|  0%| F|  |TAMS 0x0000000705c00000, 0x0000000705c00000| Untracked 
|  39|0x0000000705d00000, 0x0000000705d00000, 0x0000000705e00000|  0%| F|  |TAMS 0x0000000705d00000, 0x0000000705d00000| Untracked 
|  40|0x0000000705e00000, 0x0000000705e00000, 0x0000000705f00000|  0%| F|  |TAMS 0x0000000705e00000, 0x0000000705e00000| Untracked 
|  41|0x0000000705f00000, 0x0000000705f00000, 0x0000000706000000|  0%| F|  |TAMS 0x0000000705f00000, 0x0000000705f00000| Untracked 
|  42|0x0000000706000000, 0x0000000706000000, 0x0000000706100000|  0%| F|  |TAMS 0x0000000706000000, 0x0000000706000000| Untracked 
|  43|0x0000000706100000, 0x0000000706100000, 0x0000000706200000|  0%| F|  |TAMS 0x0000000706100000, 0x0000000706100000| Untracked 
|  44|0x0000000706200000, 0x0000000706200000, 0x0000000706300000|  0%| F|  |TAMS 0x0000000706200000, 0x0000000706200000| Untracked 
|  45|0x0000000706300000, 0x0000000706300000, 0x0000000706400000|  0%| F|  |TAMS 0x0000000706300000, 0x0000000706300000| Untracked 
|  46|0x0000000706400000, 0x0000000706400000, 0x0000000706500000|  0%| F|  |TAMS 0x0000000706400000, 0x0000000706400000| Untracked 
|  47|0x0000000706500000, 0x0000000706500000, 0x0000000706600000|  0%| F|  |TAMS 0x0000000706500000, 0x0000000706500000| Untracked 
|  48|0x0000000706600000, 0x0000000706600000, 0x0000000706700000|  0%| F|  |TAMS 0x0000000706600000, 0x0000000706600000| Untracked 
|  49|0x0000000706700000, 0x0000000706700000, 0x0000000706800000|  0%| F|  |TAMS 0x0000000706700000, 0x0000000706700000| Untracked 
|  50|0x0000000706800000, 0x0000000706800000, 0x0000000706900000|  0%| F|  |TAMS 0x0000000706800000, 0x0000000706800000| Untracked 
|  51|0x0000000706900000, 0x0000000706900000, 0x0000000706a00000|  0%| F|  |TAMS 0x0000000706900000, 0x0000000706900000| Untracked 
|  52|0x0000000706a00000, 0x0000000706a00000, 0x0000000706b00000|  0%| F|  |TAMS 0x0000000706a00000, 0x0000000706a00000| Untracked 
|  53|0x0000000706b00000, 0x0000000706b00000, 0x0000000706c00000|  0%| F|  |TAMS 0x0000000706b00000, 0x0000000706b00000| Untracked 
|  54|0x0000000706c00000, 0x0000000706c00000, 0x0000000706d00000|  0%| F|  |TAMS 0x0000000706c00000, 0x0000000706c00000| Untracked 
|  55|0x0000000706d00000, 0x0000000706d00000, 0x0000000706e00000|  0%| F|  |TAMS 0x0000000706d00000, 0x0000000706d00000| Untracked 
|  56|0x0000000706e00000, 0x0000000706e00000, 0x0000000706f00000|  0%| F|  |TAMS 0x0000000706e00000, 0x0000000706e00000| Untracked 
|  57|0x0000000706f00000, 0x0000000706f00000, 0x0000000707000000|  0%| F|  |TAMS 0x0000000706f00000, 0x0000000706f00000| Untracked 
|  58|0x0000000707000000, 0x0000000707000000, 0x0000000707100000|  0%| F|  |TAMS 0x0000000707000000, 0x0000000707000000| Untracked 
|  59|0x0000000707100000, 0x0000000707100000, 0x0000000707200000|  0%| F|  |TAMS 0x0000000707100000, 0x0000000707100000| Untracked 
|  60|0x0000000707200000, 0x0000000707200000, 0x0000000707300000|  0%| F|  |TAMS 0x0000000707200000, 0x0000000707200000| Untracked 
|  61|0x0000000707300000, 0x0000000707300000, 0x0000000707400000|  0%| F|  |TAMS 0x0000000707300000, 0x0000000707300000| Untracked 
|  62|0x0000000707400000, 0x0000000707400000, 0x0000000707500000|  0%| F|  |TAMS 0x0000000707400000, 0x0000000707400000| Untracked 
|  63|0x0000000707500000, 0x0000000707500000, 0x0000000707600000|  0%| F|  |TAMS 0x0000000707500000, 0x0000000707500000| Untracked 
|  64|0x0000000707600000, 0x0000000707600000, 0x0000000707700000|  0%| F|  |TAMS 0x0000000707600000, 0x0000000707600000| Untracked 
|  65|0x0000000707700000, 0x0000000707700000, 0x0000000707800000|  0%| F|  |TAMS 0x0000000707700000, 0x0000000707700000| Untracked 
|  66|0x0000000707800000, 0x0000000707800000, 0x0000000707900000|  0%| F|  |TAMS 0x0000000707800000, 0x0000000707800000| Untracked 
|  67|0x0000000707900000, 0x0000000707900000, 0x0000000707a00000|  0%| F|  |TAMS 0x0000000707900000, 0x0000000707900000| Untracked 
|  68|0x0000000707a00000, 0x0000000707a00000, 0x0000000707b00000|  0%| F|  |TAMS 0x0000000707a00000, 0x0000000707a00000| Untracked 
|  69|0x0000000707b00000, 0x0000000707b00000, 0x0000000707c00000|  0%| F|  |TAMS 0x0000000707b00000, 0x0000000707b00000| Untracked 
|  70|0x0000000707c00000, 0x0000000707c00000, 0x0000000707d00000|  0%| F|  |TAMS 0x0000000707c00000, 0x0000000707c00000| Untracked 
|  71|0x0000000707d00000, 0x0000000707d00000, 0x0000000707e00000|  0%| F|  |TAMS 0x0000000707d00000, 0x0000000707d00000| Untracked 
|  72|0x0000000707e00000, 0x0000000707e00000, 0x0000000707f00000|  0%| F|  |TAMS 0x0000000707e00000, 0x0000000707e00000| Untracked 
|  73|0x0000000707f00000, 0x0000000707f00000, 0x0000000708000000|  0%| F|  |TAMS 0x0000000707f00000, 0x0000000707f00000| Untracked 
|  74|0x0000000708000000, 0x0000000708000000, 0x0000000708100000|  0%| F|  |TAMS 0x0000000708000000, 0x0000000708000000| Untracked 
|  75|0x0000000708100000, 0x0000000708100000, 0x0000000708200000|  0%| F|  |TAMS 0x0000000708100000, 0x0000000708100000| Untracked 
|  76|0x0000000708200000, 0x0000000708200000, 0x0000000708300000|  0%| F|  |TAMS 0x0000000708200000, 0x0000000708200000| Untracked 
|  77|0x0000000708300000, 0x0000000708300000, 0x0000000708400000|  0%| F|  |TAMS 0x0000000708300000, 0x0000000708300000| Untracked 
|  78|0x0000000708400000, 0x0000000708400000, 0x0000000708500000|  0%| F|  |TAMS 0x0000000708400000, 0x0000000708400000| Untracked 
|  79|0x0000000708500000, 0x0000000708500000, 0x0000000708600000|  0%| F|  |TAMS 0x0000000708500000, 0x0000000708500000| Untracked 
|  80|0x0000000708600000, 0x0000000708600000, 0x0000000708700000|  0%| F|  |TAMS 0x0000000708600000, 0x0000000708600000| Untracked 
|  81|0x0000000708700000, 0x0000000708700000, 0x0000000708800000|  0%| F|  |TAMS 0x0000000708700000, 0x0000000708700000| Untracked 
|  82|0x0000000708800000, 0x0000000708800000, 0x0000000708900000|  0%| F|  |TAMS 0x0000000708800000, 0x0000000708800000| Untracked 
|  83|0x0000000708900000, 0x0000000708900000, 0x0000000708a00000|  0%| F|  |TAMS 0x0000000708900000, 0x0000000708900000| Untracked 
|  84|0x0000000708a00000, 0x0000000708a00000, 0x0000000708b00000|  0%| F|  |TAMS 0x0000000708a00000, 0x0000000708a00000| Untracked 
|  85|0x0000000708b00000, 0x0000000708b00000, 0x0000000708c00000|  0%| F|  |TAMS 0x0000000708b00000, 0x0000000708b00000| Untracked 
|  86|0x0000000708c00000, 0x0000000708c00000, 0x0000000708d00000|  0%| F|  |TAMS 0x0000000708c00000, 0x0000000708c00000| Untracked 
|  87|0x0000000708d00000, 0x0000000708d00000, 0x0000000708e00000|  0%| F|  |TAMS 0x0000000708d00000, 0x0000000708d00000| Untracked 
|  88|0x0000000708e00000, 0x0000000708e00000, 0x0000000708f00000|  0%| F|  |TAMS 0x0000000708e00000, 0x0000000708e00000| Untracked 
|  89|0x0000000708f00000, 0x0000000708f00000, 0x0000000709000000|  0%| F|  |TAMS 0x0000000708f00000, 0x0000000708f00000| Untracked 
|  90|0x0000000709000000, 0x0000000709000000, 0x0000000709100000|  0%| F|  |TAMS 0x0000000709000000, 0x0000000709000000| Untracked 
|  91|0x0000000709100000, 0x0000000709100000, 0x0000000709200000|  0%| F|  |TAMS 0x0000000709100000, 0x0000000709100000| Untracked 
|  92|0x0000000709200000, 0x0000000709200000, 0x0000000709300000|  0%| F|  |TAMS 0x0000000709200000, 0x0000000709200000| Untracked 
|  93|0x0000000709300000, 0x0000000709300000, 0x0000000709400000|  0%| F|  |TAMS 0x0000000709300000, 0x0000000709300000| Untracked 
|  94|0x0000000709400000, 0x0000000709400000, 0x0000000709500000|  0%| F|  |TAMS 0x0000000709400000, 0x0000000709400000| Untracked 
|  95|0x0000000709500000, 0x0000000709500000, 0x0000000709600000|  0%| F|  |TAMS 0x0000000709500000, 0x0000000709500000| Untracked 
|  96|0x0000000709600000, 0x0000000709600000, 0x0000000709700000|  0%| F|  |TAMS 0x0000000709600000, 0x0000000709600000| Untracked 
|  97|0x0000000709700000, 0x0000000709700000, 0x0000000709800000|  0%| F|  |TAMS 0x0000000709700000, 0x0000000709700000| Untracked 
|  98|0x0000000709800000, 0x0000000709800000, 0x0000000709900000|  0%| F|  |TAMS 0x0000000709800000, 0x0000000709800000| Untracked 
|  99|0x0000000709900000, 0x0000000709900000, 0x0000000709a00000|  0%| F|  |TAMS 0x0000000709900000, 0x0000000709900000| Untracked 
| 100|0x0000000709a00000, 0x0000000709a00000, 0x0000000709b00000|  0%| F|  |TAMS 0x0000000709a00000, 0x0000000709a00000| Untracked 
| 101|0x0000000709b00000, 0x0000000709b00000, 0x0000000709c00000|  0%| F|  |TAMS 0x0000000709b00000, 0x0000000709b00000| Untracked 
| 102|0x0000000709c00000, 0x0000000709c00000, 0x0000000709d00000|  0%| F|  |TAMS 0x0000000709c00000, 0x0000000709c00000| Untracked 
| 103|0x0000000709d00000, 0x0000000709d00000, 0x0000000709e00000|  0%| F|  |TAMS 0x0000000709d00000, 0x0000000709d00000| Untracked 
| 104|0x0000000709e00000, 0x0000000709e00000, 0x0000000709f00000|  0%| F|  |TAMS 0x0000000709e00000, 0x0000000709e00000| Untracked 
| 105|0x0000000709f00000, 0x0000000709f00000, 0x000000070a000000|  0%| F|  |TAMS 0x0000000709f00000, 0x0000000709f00000| Untracked 
| 106|0x000000070a000000, 0x000000070a000000, 0x000000070a100000|  0%| F|  |TAMS 0x000000070a000000, 0x000000070a000000| Untracked 
| 107|0x000000070a100000, 0x000000070a100000, 0x000000070a200000|  0%| F|  |TAMS 0x000000070a100000, 0x000000070a100000| Untracked 
| 108|0x000000070a200000, 0x000000070a200000, 0x000000070a300000|  0%| F|  |TAMS 0x000000070a200000, 0x000000070a200000| Untracked 
| 109|0x000000070a300000, 0x000000070a300000, 0x000000070a400000|  0%| F|  |TAMS 0x000000070a300000, 0x000000070a300000| Untracked 
| 110|0x000000070a400000, 0x000000070a400000, 0x000000070a500000|  0%| F|  |TAMS 0x000000070a400000, 0x000000070a400000| Untracked 
| 111|0x000000070a500000, 0x000000070a500000, 0x000000070a600000|  0%| F|  |TAMS 0x000000070a500000, 0x000000070a500000| Untracked 
| 112|0x000000070a600000, 0x000000070a600000, 0x000000070a700000|  0%| F|  |TAMS 0x000000070a600000, 0x000000070a600000| Untracked 
| 113|0x000000070a700000, 0x000000070a700000, 0x000000070a800000|  0%| F|  |TAMS 0x000000070a700000, 0x000000070a700000| Untracked 
| 114|0x000000070a800000, 0x000000070a800000, 0x000000070a900000|  0%| F|  |TAMS 0x000000070a800000, 0x000000070a800000| Untracked 
| 115|0x000000070a900000, 0x000000070a900000, 0x000000070aa00000|  0%| F|  |TAMS 0x000000070a900000, 0x000000070a900000| Untracked 
| 116|0x000000070aa00000, 0x000000070aa00000, 0x000000070ab00000|  0%| F|  |TAMS 0x000000070aa00000, 0x000000070aa00000| Untracked 
| 117|0x000000070ab00000, 0x000000070ab00000, 0x000000070ac00000|  0%| F|  |TAMS 0x000000070ab00000, 0x000000070ab00000| Untracked 
| 118|0x000000070ac00000, 0x000000070ac00000, 0x000000070ad00000|  0%| F|  |TAMS 0x000000070ac00000, 0x000000070ac00000| Untracked 
| 119|0x000000070ad00000, 0x000000070ad00000, 0x000000070ae00000|  0%| F|  |TAMS 0x000000070ad00000, 0x000000070ad00000| Untracked 
| 120|0x000000070ae00000, 0x000000070ae00000, 0x000000070af00000|  0%| F|  |TAMS 0x000000070ae00000, 0x000000070ae00000| Untracked 
| 121|0x000000070af00000, 0x000000070af00000, 0x000000070b000000|  0%| F|  |TAMS 0x000000070af00000, 0x000000070af00000| Untracked 
| 122|0x000000070b000000, 0x000000070b000000, 0x000000070b100000|  0%| F|  |TAMS 0x000000070b000000, 0x000000070b000000| Untracked 
| 123|0x000000070b100000, 0x000000070b100000, 0x000000070b200000|  0%| F|  |TAMS 0x000000070b100000, 0x000000070b100000| Untracked 
| 124|0x000000070b200000, 0x000000070b200000, 0x000000070b300000|  0%| F|  |TAMS 0x000000070b200000, 0x000000070b200000| Untracked 
| 125|0x000000070b300000, 0x000000070b300000, 0x000000070b400000|  0%| F|  |TAMS 0x000000070b300000, 0x000000070b300000| Untracked 
| 126|0x000000070b400000, 0x000000070b400000, 0x000000070b500000|  0%| F|  |TAMS 0x000000070b400000, 0x000000070b400000| Untracked 
| 127|0x000000070b500000, 0x000000070b500000, 0x000000070b600000|  0%| F|  |TAMS 0x000000070b500000, 0x000000070b500000| Untracked 
| 128|0x000000070b600000, 0x000000070b600000, 0x000000070b700000|  0%| F|  |TAMS 0x000000070b600000, 0x000000070b600000| Untracked 
| 129|0x000000070b700000, 0x000000070b700000, 0x000000070b800000|  0%| F|  |TAMS 0x000000070b700000, 0x000000070b700000| Untracked 
| 130|0x000000070b800000, 0x000000070b800000, 0x000000070b900000|  0%| F|  |TAMS 0x000000070b800000, 0x000000070b800000| Untracked 
| 131|0x000000070b900000, 0x000000070b900000, 0x000000070ba00000|  0%| F|  |TAMS 0x000000070b900000, 0x000000070b900000| Untracked 
| 132|0x000000070ba00000, 0x000000070ba00000, 0x000000070bb00000|  0%| F|  |TAMS 0x000000070ba00000, 0x000000070ba00000| Untracked 
| 133|0x000000070bb00000, 0x000000070bb00000, 0x000000070bc00000|  0%| F|  |TAMS 0x000000070bb00000, 0x000000070bb00000| Untracked 
| 134|0x000000070bc00000, 0x000000070bc00000, 0x000000070bd00000|  0%| F|  |TAMS 0x000000070bc00000, 0x000000070bc00000| Untracked 
| 135|0x000000070bd00000, 0x000000070bd00000, 0x000000070be00000|  0%| F|  |TAMS 0x000000070bd00000, 0x000000070bd00000| Untracked 
| 136|0x000000070be00000, 0x000000070be00000, 0x000000070bf00000|  0%| F|  |TAMS 0x000000070be00000, 0x000000070be00000| Untracked 
| 137|0x000000070bf00000, 0x000000070bf00000, 0x000000070c000000|  0%| F|  |TAMS 0x000000070bf00000, 0x000000070bf00000| Untracked 
| 138|0x000000070c000000, 0x000000070c000000, 0x000000070c100000|  0%| F|  |TAMS 0x000000070c000000, 0x000000070c000000| Untracked 
| 139|0x000000070c100000, 0x000000070c100000, 0x000000070c200000|  0%| F|  |TAMS 0x000000070c100000, 0x000000070c100000| Untracked 
| 140|0x000000070c200000, 0x000000070c200000, 0x000000070c300000|  0%| F|  |TAMS 0x000000070c200000, 0x000000070c200000| Untracked 
| 141|0x000000070c300000, 0x000000070c300000, 0x000000070c400000|  0%| F|  |TAMS 0x000000070c300000, 0x000000070c300000| Untracked 
| 142|0x000000070c400000, 0x000000070c400000, 0x000000070c500000|  0%| F|  |TAMS 0x000000070c400000, 0x000000070c400000| Untracked 
| 143|0x000000070c500000, 0x000000070c500000, 0x000000070c600000|  0%| F|  |TAMS 0x000000070c500000, 0x000000070c500000| Untracked 
| 144|0x000000070c600000, 0x000000070c600000, 0x000000070c700000|  0%| F|  |TAMS 0x000000070c600000, 0x000000070c600000| Untracked 
| 145|0x000000070c700000, 0x000000070c700000, 0x000000070c800000|  0%| F|  |TAMS 0x000000070c700000, 0x000000070c700000| Untracked 
| 146|0x000000070c800000, 0x000000070c800000, 0x000000070c900000|  0%| F|  |TAMS 0x000000070c800000, 0x000000070c800000| Untracked 
| 147|0x000000070c900000, 0x000000070c900000, 0x000000070ca00000|  0%| F|  |TAMS 0x000000070c900000, 0x000000070c900000| Untracked 
| 148|0x000000070ca00000, 0x000000070ca00000, 0x000000070cb00000|  0%| F|  |TAMS 0x000000070ca00000, 0x000000070ca00000| Untracked 
| 149|0x000000070cb00000, 0x000000070cb00000, 0x000000070cc00000|  0%| F|  |TAMS 0x000000070cb00000, 0x000000070cb00000| Untracked 
| 150|0x000000070cc00000, 0x000000070cc00000, 0x000000070cd00000|  0%| F|  |TAMS 0x000000070cc00000, 0x000000070cc00000| Untracked 
| 151|0x000000070cd00000, 0x000000070cd00000, 0x000000070ce00000|  0%| F|  |TAMS 0x000000070cd00000, 0x000000070cd00000| Untracked 
| 152|0x000000070ce00000, 0x000000070ce00000, 0x000000070cf00000|  0%| F|  |TAMS 0x000000070ce00000, 0x000000070ce00000| Untracked 
| 153|0x000000070cf00000, 0x000000070cf00000, 0x000000070d000000|  0%| F|  |TAMS 0x000000070cf00000, 0x000000070cf00000| Untracked 
| 154|0x000000070d000000, 0x000000070d000000, 0x000000070d100000|  0%| F|  |TAMS 0x000000070d000000, 0x000000070d000000| Untracked 
| 155|0x000000070d100000, 0x000000070d100000, 0x000000070d200000|  0%| F|  |TAMS 0x000000070d100000, 0x000000070d100000| Untracked 
| 156|0x000000070d200000, 0x000000070d200000, 0x000000070d300000|  0%| F|  |TAMS 0x000000070d200000, 0x000000070d200000| Untracked 
| 157|0x000000070d300000, 0x000000070d300000, 0x000000070d400000|  0%| F|  |TAMS 0x000000070d300000, 0x000000070d300000| Untracked 
| 158|0x000000070d400000, 0x000000070d400000, 0x000000070d500000|  0%| F|  |TAMS 0x000000070d400000, 0x000000070d400000| Untracked 
| 159|0x000000070d500000, 0x000000070d500000, 0x000000070d600000|  0%| F|  |TAMS 0x000000070d500000, 0x000000070d500000| Untracked 
| 160|0x000000070d600000, 0x000000070d600000, 0x000000070d700000|  0%| F|  |TAMS 0x000000070d600000, 0x000000070d600000| Untracked 
| 161|0x000000070d700000, 0x000000070d700000, 0x000000070d800000|  0%| F|  |TAMS 0x000000070d700000, 0x000000070d700000| Untracked 
| 162|0x000000070d800000, 0x000000070d800000, 0x000000070d900000|  0%| F|  |TAMS 0x000000070d800000, 0x000000070d800000| Untracked 
| 163|0x000000070d900000, 0x000000070d900000, 0x000000070da00000|  0%| F|  |TAMS 0x000000070d900000, 0x000000070d900000| Untracked 
| 164|0x000000070da00000, 0x000000070da00000, 0x000000070db00000|  0%| F|  |TAMS 0x000000070da00000, 0x000000070da00000| Untracked 
| 165|0x000000070db00000, 0x000000070db00000, 0x000000070dc00000|  0%| F|  |TAMS 0x000000070db00000, 0x000000070db00000| Untracked 
| 166|0x000000070dc00000, 0x000000070dc00000, 0x000000070dd00000|  0%| F|  |TAMS 0x000000070dc00000, 0x000000070dc00000| Untracked 
| 167|0x000000070dd00000, 0x000000070dd00000, 0x000000070de00000|  0%| F|  |TAMS 0x000000070dd00000, 0x000000070dd00000| Untracked 
| 168|0x000000070de00000, 0x000000070de00000, 0x000000070df00000|  0%| F|  |TAMS 0x000000070de00000, 0x000000070de00000| Untracked 
| 169|0x000000070df00000, 0x000000070df00000, 0x000000070e000000|  0%| F|  |TAMS 0x000000070df00000, 0x000000070df00000| Untracked 
| 170|0x000000070e000000, 0x000000070e000000, 0x000000070e100000|  0%| F|  |TAMS 0x000000070e000000, 0x000000070e000000| Untracked 
| 171|0x000000070e100000, 0x000000070e100000, 0x000000070e200000|  0%| F|  |TAMS 0x000000070e100000, 0x000000070e100000| Untracked 
| 172|0x000000070e200000, 0x000000070e200000, 0x000000070e300000|  0%| F|  |TAMS 0x000000070e200000, 0x000000070e200000| Untracked 
| 173|0x000000070e300000, 0x000000070e300000, 0x000000070e400000|  0%| F|  |TAMS 0x000000070e300000, 0x000000070e300000| Untracked 
| 174|0x000000070e400000, 0x000000070e400000, 0x000000070e500000|  0%| F|  |TAMS 0x000000070e400000, 0x000000070e400000| Untracked 
| 175|0x000000070e500000, 0x000000070e500000, 0x000000070e600000|  0%| F|  |TAMS 0x000000070e500000, 0x000000070e500000| Untracked 
| 176|0x000000070e600000, 0x000000070e600000, 0x000000070e700000|  0%| F|  |TAMS 0x000000070e600000, 0x000000070e600000| Untracked 
| 177|0x000000070e700000, 0x000000070e700000, 0x000000070e800000|  0%| F|  |TAMS 0x000000070e700000, 0x000000070e700000| Untracked 
| 178|0x000000070e800000, 0x000000070e800000, 0x000000070e900000|  0%| F|  |TAMS 0x000000070e800000, 0x000000070e800000| Untracked 
| 179|0x000000070e900000, 0x000000070e900000, 0x000000070ea00000|  0%| F|  |TAMS 0x000000070e900000, 0x000000070e900000| Untracked 
| 180|0x000000070ea00000, 0x000000070ea00000, 0x000000070eb00000|  0%| F|  |TAMS 0x000000070ea00000, 0x000000070ea00000| Untracked 
| 181|0x000000070eb00000, 0x000000070eb00000, 0x000000070ec00000|  0%| F|  |TAMS 0x000000070eb00000, 0x000000070eb00000| Untracked 
| 182|0x000000070ec00000, 0x000000070ec00000, 0x000000070ed00000|  0%| F|  |TAMS 0x000000070ec00000, 0x000000070ec00000| Untracked 
| 183|0x000000070ed00000, 0x000000070ed00000, 0x000000070ee00000|  0%| F|  |TAMS 0x000000070ed00000, 0x000000070ed00000| Untracked 
| 184|0x000000070ee00000, 0x000000070ee00000, 0x000000070ef00000|  0%| F|  |TAMS 0x000000070ee00000, 0x000000070ee00000| Untracked 
| 185|0x000000070ef00000, 0x000000070ef00000, 0x000000070f000000|  0%| F|  |TAMS 0x000000070ef00000, 0x000000070ef00000| Untracked 
| 186|0x000000070f000000, 0x000000070f000000, 0x000000070f100000|  0%| F|  |TAMS 0x000000070f000000, 0x000000070f000000| Untracked 
| 187|0x000000070f100000, 0x000000070f100000, 0x000000070f200000|  0%| F|  |TAMS 0x000000070f100000, 0x000000070f100000| Untracked 
| 188|0x000000070f200000, 0x000000070f200000, 0x000000070f300000|  0%| F|  |TAMS 0x000000070f200000, 0x000000070f200000| Untracked 
| 189|0x000000070f300000, 0x000000070f300000, 0x000000070f400000|  0%| F|  |TAMS 0x000000070f300000, 0x000000070f300000| Untracked 
| 190|0x000000070f400000, 0x000000070f400000, 0x000000070f500000|  0%| F|  |TAMS 0x000000070f400000, 0x000000070f400000| Untracked 
| 191|0x000000070f500000, 0x000000070f500000, 0x000000070f600000|  0%| F|  |TAMS 0x000000070f500000, 0x000000070f500000| Untracked 
| 192|0x000000070f600000, 0x000000070f600000, 0x000000070f700000|  0%| F|  |TAMS 0x000000070f600000, 0x000000070f600000| Untracked 
| 193|0x000000070f700000, 0x000000070f700000, 0x000000070f800000|  0%| F|  |TAMS 0x000000070f700000, 0x000000070f700000| Untracked 
| 194|0x000000070f800000, 0x000000070f800000, 0x000000070f900000|  0%| F|  |TAMS 0x000000070f800000, 0x000000070f800000| Untracked 
| 195|0x000000070f900000, 0x000000070f900000, 0x000000070fa00000|  0%| F|  |TAMS 0x000000070f900000, 0x000000070f900000| Untracked 
| 196|0x000000070fa00000, 0x000000070fa00000, 0x000000070fb00000|  0%| F|  |TAMS 0x000000070fa00000, 0x000000070fa00000| Untracked 
| 197|0x000000070fb00000, 0x000000070fb00000, 0x000000070fc00000|  0%| F|  |TAMS 0x000000070fb00000, 0x000000070fb00000| Untracked 
| 198|0x000000070fc00000, 0x000000070fc00000, 0x000000070fd00000|  0%| F|  |TAMS 0x000000070fc00000, 0x000000070fc00000| Untracked 
| 199|0x000000070fd00000, 0x000000070fd00000, 0x000000070fe00000|  0%| F|  |TAMS 0x000000070fd00000, 0x000000070fd00000| Untracked 
| 200|0x000000070fe00000, 0x000000070fe00000, 0x000000070ff00000|  0%| F|  |TAMS 0x000000070fe00000, 0x000000070fe00000| Untracked 
| 201|0x000000070ff00000, 0x000000070ff00000, 0x0000000710000000|  0%| F|  |TAMS 0x000000070ff00000, 0x000000070ff00000| Untracked 
| 202|0x0000000710000000, 0x0000000710000000, 0x0000000710100000|  0%| F|  |TAMS 0x0000000710000000, 0x0000000710000000| Untracked 
| 203|0x0000000710100000, 0x0000000710100000, 0x0000000710200000|  0%| F|  |TAMS 0x0000000710100000, 0x0000000710100000| Untracked 
| 204|0x0000000710200000, 0x0000000710200000, 0x0000000710300000|  0%| F|  |TAMS 0x0000000710200000, 0x0000000710200000| Untracked 
| 205|0x0000000710300000, 0x0000000710300000, 0x0000000710400000|  0%| F|  |TAMS 0x0000000710300000, 0x0000000710300000| Untracked 
| 206|0x0000000710400000, 0x0000000710400000, 0x0000000710500000|  0%| F|  |TAMS 0x0000000710400000, 0x0000000710400000| Untracked 
| 207|0x0000000710500000, 0x0000000710500000, 0x0000000710600000|  0%| F|  |TAMS 0x0000000710500000, 0x0000000710500000| Untracked 
| 208|0x0000000710600000, 0x0000000710600000, 0x0000000710700000|  0%| F|  |TAMS 0x0000000710600000, 0x0000000710600000| Untracked 
| 209|0x0000000710700000, 0x0000000710700000, 0x0000000710800000|  0%| F|  |TAMS 0x0000000710700000, 0x0000000710700000| Untracked 
| 210|0x0000000710800000, 0x0000000710800000, 0x0000000710900000|  0%| F|  |TAMS 0x0000000710800000, 0x0000000710800000| Untracked 
| 211|0x0000000710900000, 0x0000000710900000, 0x0000000710a00000|  0%| F|  |TAMS 0x0000000710900000, 0x0000000710900000| Untracked 
| 212|0x0000000710a00000, 0x0000000710a00000, 0x0000000710b00000|  0%| F|  |TAMS 0x0000000710a00000, 0x0000000710a00000| Untracked 
| 213|0x0000000710b00000, 0x0000000710b00000, 0x0000000710c00000|  0%| F|  |TAMS 0x0000000710b00000, 0x0000000710b00000| Untracked 
| 214|0x0000000710c00000, 0x0000000710c00000, 0x0000000710d00000|  0%| F|  |TAMS 0x0000000710c00000, 0x0000000710c00000| Untracked 
| 215|0x0000000710d00000, 0x0000000710d00000, 0x0000000710e00000|  0%| F|  |TAMS 0x0000000710d00000, 0x0000000710d00000| Untracked 
| 216|0x0000000710e00000, 0x0000000710e00000, 0x0000000710f00000|  0%| F|  |TAMS 0x0000000710e00000, 0x0000000710e00000| Untracked 
| 217|0x0000000710f00000, 0x0000000710f00000, 0x0000000711000000|  0%| F|  |TAMS 0x0000000710f00000, 0x0000000710f00000| Untracked 
| 218|0x0000000711000000, 0x0000000711000000, 0x0000000711100000|  0%| F|  |TAMS 0x0000000711000000, 0x0000000711000000| Untracked 
| 219|0x0000000711100000, 0x0000000711100000, 0x0000000711200000|  0%| F|  |TAMS 0x0000000711100000, 0x0000000711100000| Untracked 
| 220|0x0000000711200000, 0x0000000711200000, 0x0000000711300000|  0%| F|  |TAMS 0x0000000711200000, 0x0000000711200000| Untracked 
| 221|0x0000000711300000, 0x0000000711300000, 0x0000000711400000|  0%| F|  |TAMS 0x0000000711300000, 0x0000000711300000| Untracked 
| 222|0x0000000711400000, 0x0000000711400000, 0x0000000711500000|  0%| F|  |TAMS 0x0000000711400000, 0x0000000711400000| Untracked 
| 223|0x0000000711500000, 0x0000000711500000, 0x0000000711600000|  0%| F|  |TAMS 0x0000000711500000, 0x0000000711500000| Untracked 
| 224|0x0000000711600000, 0x0000000711600000, 0x0000000711700000|  0%| F|  |TAMS 0x0000000711600000, 0x0000000711600000| Untracked 
| 225|0x0000000711700000, 0x0000000711700000, 0x0000000711800000|  0%| F|  |TAMS 0x0000000711700000, 0x0000000711700000| Untracked 
| 226|0x0000000711800000, 0x0000000711800000, 0x0000000711900000|  0%| F|  |TAMS 0x0000000711800000, 0x0000000711800000| Untracked 
| 227|0x0000000711900000, 0x0000000711900000, 0x0000000711a00000|  0%| F|  |TAMS 0x0000000711900000, 0x0000000711900000| Untracked 
| 228|0x0000000711a00000, 0x0000000711a00000, 0x0000000711b00000|  0%| F|  |TAMS 0x0000000711a00000, 0x0000000711a00000| Untracked 
| 229|0x0000000711b00000, 0x0000000711b00000, 0x0000000711c00000|  0%| F|  |TAMS 0x0000000711b00000, 0x0000000711b00000| Untracked 
| 230|0x0000000711c00000, 0x0000000711c00000, 0x0000000711d00000|  0%| F|  |TAMS 0x0000000711c00000, 0x0000000711c00000| Untracked 
| 231|0x0000000711d00000, 0x0000000711d00000, 0x0000000711e00000|  0%| F|  |TAMS 0x0000000711d00000, 0x0000000711d00000| Untracked 
| 232|0x0000000711e00000, 0x0000000711e00000, 0x0000000711f00000|  0%| F|  |TAMS 0x0000000711e00000, 0x0000000711e00000| Untracked 
| 233|0x0000000711f00000, 0x0000000711f00000, 0x0000000712000000|  0%| F|  |TAMS 0x0000000711f00000, 0x0000000711f00000| Untracked 
| 234|0x0000000712000000, 0x0000000712000000, 0x0000000712100000|  0%| F|  |TAMS 0x0000000712000000, 0x0000000712000000| Untracked 
| 235|0x0000000712100000, 0x0000000712100000, 0x0000000712200000|  0%| F|  |TAMS 0x0000000712100000, 0x0000000712100000| Untracked 
| 236|0x0000000712200000, 0x0000000712200000, 0x0000000712300000|  0%| F|  |TAMS 0x0000000712200000, 0x0000000712200000| Untracked 
| 237|0x0000000712300000, 0x0000000712300000, 0x0000000712400000|  0%| F|  |TAMS 0x0000000712300000, 0x0000000712300000| Untracked 
| 238|0x0000000712400000, 0x00000007124fefd0, 0x0000000712500000| 99%| E|  |TAMS 0x0000000712400000, 0x0000000712400000| Complete 
| 239|0x0000000712500000, 0x0000000712600000, 0x0000000712600000|100%| E|CS|TAMS 0x0000000712500000, 0x0000000712500000| Complete 
| 240|0x0000000712600000, 0x0000000712700000, 0x0000000712700000|100%| E|CS|TAMS 0x0000000712600000, 0x0000000712600000| Complete 
| 241|0x0000000712700000, 0x0000000712800000, 0x0000000712800000|100%| E|CS|TAMS 0x0000000712700000, 0x0000000712700000| Complete 
| 242|0x0000000712800000, 0x0000000712900000, 0x0000000712900000|100%| E|CS|TAMS 0x0000000712800000, 0x0000000712800000| Complete 
| 243|0x0000000712900000, 0x0000000712a00000, 0x0000000712a00000|100%| E|CS|TAMS 0x0000000712900000, 0x0000000712900000| Complete 
| 244|0x0000000712a00000, 0x0000000712b00000, 0x0000000712b00000|100%| E|  |TAMS 0x0000000712a00000, 0x0000000712a00000| Complete 
| 245|0x0000000712b00000, 0x0000000712c00000, 0x0000000712c00000|100%| E|CS|TAMS 0x0000000712b00000, 0x0000000712b00000| Complete 
| 246|0x0000000712c00000, 0x0000000712d00000, 0x0000000712d00000|100%| E|CS|TAMS 0x0000000712c00000, 0x0000000712c00000| Complete 
| 247|0x0000000712d00000, 0x0000000712e00000, 0x0000000712e00000|100%| E|CS|TAMS 0x0000000712d00000, 0x0000000712d00000| Complete 
| 248|0x0000000712e00000, 0x0000000712f00000, 0x0000000712f00000|100%| E|CS|TAMS 0x0000000712e00000, 0x0000000712e00000| Complete 
| 249|0x0000000712f00000, 0x0000000713000000, 0x0000000713000000|100%| E|CS|TAMS 0x0000000712f00000, 0x0000000712f00000| Complete 
| 250|0x0000000713000000, 0x0000000713100000, 0x0000000713100000|100%| E|CS|TAMS 0x0000000713000000, 0x0000000713000000| Complete 
| 251|0x0000000713100000, 0x0000000713200000, 0x0000000713200000|100%| E|CS|TAMS 0x0000000713100000, 0x0000000713100000| Complete 
| 252|0x0000000713200000, 0x0000000713300000, 0x0000000713300000|100%| E|CS|TAMS 0x0000000713200000, 0x0000000713200000| Complete 
| 253|0x0000000713300000, 0x0000000713400000, 0x0000000713400000|100%| E|CS|TAMS 0x0000000713300000, 0x0000000713300000| Complete 

Card table byte_map: [0x000001df9f120000,0x000001df9f910000] _byte_map_base: 0x000001df9b905000

Marking Bits (Prev, Next): (CMBitMap*) 0x000001df85081858, (CMBitMap*) 0x000001df85081890
 Prev Bits: [0x000001dfa0100000, 0x000001dfa4028000)
 Next Bits: [0x000001dfa4030000, 0x000001dfa7f58000)

Polling page: 0x000001df85100000

Metaspace:

Usage:
  Non-class:     10.37 MB capacity,    10.28 MB (>99%) used,    79.71 KB ( <1%) free+waste,    13.44 KB ( <1%) overhead. 
      Class:    850.00 KB capacity,   798.31 KB ( 94%) used,    46.25 KB (  5%) free+waste,     5.44 KB ( <1%) overhead. 
       Both:     11.20 MB capacity,    11.06 MB ( 99%) used,   125.96 KB (  1%) free+waste,    18.88 KB ( <1%) overhead. 

Virtual space:
  Non-class space:       12.00 MB reserved,      10.50 MB ( 88%) committed 
      Class space:        1.00 GB reserved,     896.00 KB ( <1%) committed 
             Both:        1.01 GB reserved,      11.38 MB (  1%) committed 

Chunk freelists:
   Non-Class:  130.00 KB
       Class:  14.00 KB
        Both:  144.00 KB

MaxMetaspaceSize: 17179869184.00 GB
CompressedClassSpaceSize: 1.00 GB

CodeHeap 'non-profiled nmethods': size=120000Kb used=226Kb max_used=226Kb free=119773Kb
 bounds [0x000001df96990000, 0x000001df96c00000, 0x000001df9dec0000]
CodeHeap 'profiled nmethods': size=120000Kb used=1260Kb max_used=1260Kb free=118739Kb
 bounds [0x000001df8f460000, 0x000001df8f6d0000, 0x000001df96990000]
CodeHeap 'non-nmethods': size=5760Kb used=1441Kb max_used=1452Kb free=4318Kb
 bounds [0x000001df8eec0000, 0x000001df8f130000, 0x000001df8f460000]
 total_blobs=1714 nmethods=775 adapters=851
 compilation: enabled
              stopped_count=0, restarted_count=0
 full_count=0

Compilation events (20 events):
Event: 2.036 Thread 0x000001dfab3d7000  765       3       java.util.zip.CRC32::updateBytesCheck (55 bytes)
Event: 2.037 Thread 0x000001dfab3d7000 nmethod 765 0x000001df8f595e10 code [0x000001df8f596020, 0x000001df8f5964a8]
Event: 2.039 Thread 0x000001dfab3d7000  766       3       java.io.FilterInputStream::read (9 bytes)
Event: 2.040 Thread 0x000001dfab3d7000 nmethod 766 0x000001df8f596690 code [0x000001df8f596840, 0x000001df8f596a08]
Event: 2.040 Thread 0x000001dfab3d7000  767       3       java.io.FilterInputStream::read (11 bytes)
Event: 2.041 Thread 0x000001dfab3d7000 nmethod 767 0x000001df8f596b10 code [0x000001df8f596cc0, 0x000001df8f596e88]
Event: 2.043 Thread 0x000001dfab3d7000  768       3       sun.nio.ch.Util::isBufferTooLarge (15 bytes)
Event: 2.044 Thread 0x000001dfab3d7000 nmethod 768 0x000001df8f596f90 code [0x000001df8f597140, 0x000001df8f597298]
Event: 2.044 Thread 0x000001dfab3d7000  769       3       java.nio.HeapByteBuffer::ix (7 bytes)
Event: 2.044 Thread 0x000001dfab3d7000 nmethod 769 0x000001df8f597310 code [0x000001df8f5974c0, 0x000001df8f5975b8]
Event: 2.044 Thread 0x000001dfab3d7000  770       3       jdk.internal.misc.Unsafe::checkSize (32 bytes)
Event: 2.045 Thread 0x000001dfab3d7000 nmethod 770 0x000001df8f597690 code [0x000001df8f597860, 0x000001df8f597ae8]
Event: 2.045 Thread 0x000001dfab3d7000  771       3       java.nio.ByteBuffer::flip (7 bytes)
Event: 2.045 Thread 0x000001dfab3d7000 nmethod 771 0x000001df8f597c10 code [0x000001df8f597dc0, 0x000001df8f597f38]
Event: 2.045 Thread 0x000001dfab3d7000  772       3       jdk.internal.misc.Unsafe::copyMemory (33 bytes)
Event: 2.047 Thread 0x000001dfab3d7000 nmethod 772 0x000001df8f598010 code [0x000001df8f5982e0, 0x000001df8f599018]
Event: 2.047 Thread 0x000001dfab3d7000  773       3       jdk.internal.misc.Unsafe::copyMemoryChecks (21 bytes)
Event: 2.049 Thread 0x000001dfab3d7000 nmethod 773 0x000001df8f599610 code [0x000001df8f5998e0, 0x000001df8f59a648]
Event: 2.049 Thread 0x000001dfab3d7000  775       3       jdk.internal.misc.Unsafe::checkOffset (32 bytes)
Event: 2.049 Thread 0x000001dfab3d7000 nmethod 775 0x000001df8f59ab90 code [0x000001df8f59ad60, 0x000001df8f59afe8]

GC Heap History (0 events):
No events

Deoptimization events (20 events):
Event: 0.270 Thread 0x000001df8501f000 Uncommon trap: trap_request=0xffffff4d fr.pc=0x000001df96994b0c relative=0x00000000000001ec
Event: 0.270 Thread 0x000001df8501f000 Uncommon trap: reason=unstable_if action=reinterpret pc=0x000001df96994b0c method=java.lang.String.hashCode()I @ 14 c2
Event: 0.270 Thread 0x000001df8501f000 DEOPT PACKING pc=0x000001df96994b0c sp=0x000000dbf96fd500
Event: 0.270 Thread 0x000001df8501f000 DEOPT UNPACKING pc=0x000001df8eee772f sp=0x000000dbf96fd498 mode 2
Event: 0.505 Thread 0x000001df8501f000 Uncommon trap: trap_request=0xffffff4d fr.pc=0x000001df9699a700 relative=0x0000000000000060
Event: 0.505 Thread 0x000001df8501f000 Uncommon trap: reason=unstable_if action=reinterpret pc=0x000001df9699a700 method=java.io.WinNTFileSystem.isSlash(C)Z @ 9 c2
Event: 0.505 Thread 0x000001df8501f000 DEOPT PACKING pc=0x000001df9699a700 sp=0x000000dbf96fe200
Event: 0.505 Thread 0x000001df8501f000 DEOPT UNPACKING pc=0x000001df8eee772f sp=0x000000dbf96fe188 mode 2
Event: 0.583 Thread 0x000001df8501f000 DEOPT PACKING pc=0x000001df8f499868 sp=0x000000dbf96fc710
Event: 0.583 Thread 0x000001df8501f000 DEOPT UNPACKING pc=0x000001df8eee754e sp=0x000000dbf96fbb68 mode 0
Event: 0.599 Thread 0x000001df8501f000 DEOPT PACKING pc=0x000001df8f49dac2 sp=0x000000dbf96fab10
Event: 0.599 Thread 0x000001df8501f000 DEOPT UNPACKING pc=0x000001df8eee754e sp=0x000000dbf96f9f78 mode 0
Event: 0.612 Thread 0x000001df8501f000 DEOPT PACKING pc=0x000001df8f489950 sp=0x000000dbf96f96e0
Event: 0.612 Thread 0x000001df8501f000 DEOPT UNPACKING pc=0x000001df8eee754e sp=0x000000dbf96f8b68 mode 0
Event: 1.694 Thread 0x000001df8501f000 DEOPT PACKING pc=0x000001df8f497dff sp=0x000000dbf96fd8c0
Event: 1.694 Thread 0x000001df8501f000 DEOPT UNPACKING pc=0x000001df8eee754e sp=0x000000dbf96fcd38 mode 0
Event: 1.915 Thread 0x000001df8501f000 Uncommon trap: trap_request=0xffffff5c fr.pc=0x000001df969bc700 relative=0x0000000000000060
Event: 1.915 Thread 0x000001df8501f000 Uncommon trap: reason=speculate_null_assert action=make_not_entrant pc=0x000001df969bc700 method=sun.misc.Unsafe.putLong(Ljava/lang/Object;JJ)V @ 7 c2
Event: 1.915 Thread 0x000001df8501f000 DEOPT PACKING pc=0x000001df969bc700 sp=0x000000dbf96fed60
Event: 1.915 Thread 0x000001df8501f000 DEOPT UNPACKING pc=0x000001df8eee772f sp=0x000000dbf96fecd8 mode 2

Classes redefined (0 events):
No events

Internal exceptions (20 events):
Event: 0.770 Thread 0x000001df8501f000 Exception <a 'java/security/PrivilegedActionException'{0x0000000712fe93d0}> (0x0000000712fe93d0) thrown at [./src/hotspot/share/prims/jvm.cpp, line 1297]
Event: 0.770 Thread 0x000001df8501f000 Exception <a 'java/security/PrivilegedActionException'{0x0000000712feb1c0}> (0x0000000712feb1c0) thrown at [./src/hotspot/share/prims/jvm.cpp, line 1297]
Event: 0.770 Thread 0x000001df8501f000 Exception <a 'java/security/PrivilegedActionException'{0x0000000712feb490}> (0x0000000712feb490) thrown at [./src/hotspot/share/prims/jvm.cpp, line 1297]
Event: 0.771 Thread 0x000001df8501f000 Exception <a 'java/security/PrivilegedActionException'{0x0000000712fed2d0}> (0x0000000712fed2d0) thrown at [./src/hotspot/share/prims/jvm.cpp, line 1297]
Event: 0.771 Thread 0x000001df8501f000 Exception <a 'java/security/PrivilegedActionException'{0x0000000712fed5a0}> (0x0000000712fed5a0) thrown at [./src/hotspot/share/prims/jvm.cpp, line 1297]
Event: 0.771 Thread 0x000001df8501f000 Exception <a 'java/security/PrivilegedActionException'{0x0000000712fef3e0}> (0x0000000712fef3e0) thrown at [./src/hotspot/share/prims/jvm.cpp, line 1297]
Event: 0.771 Thread 0x000001df8501f000 Exception <a 'java/security/PrivilegedActionException'{0x0000000712fef6b0}> (0x0000000712fef6b0) thrown at [./src/hotspot/share/prims/jvm.cpp, line 1297]
Event: 0.771 Thread 0x000001df8501f000 Exception <a 'java/security/PrivilegedActionException'{0x0000000712ff14a0}> (0x0000000712ff14a0) thrown at [./src/hotspot/share/prims/jvm.cpp, line 1297]
Event: 0.772 Thread 0x000001df8501f000 Exception <a 'java/security/PrivilegedActionException'{0x0000000712ff1770}> (0x0000000712ff1770) thrown at [./src/hotspot/share/prims/jvm.cpp, line 1297]
Event: 0.826 Thread 0x000001df8501f000 Exception <a 'sun/nio/fs/WindowsException'{0x0000000712ed7ed0}> (0x0000000712ed7ed0) thrown at [./src/hotspot/share/prims/jni.cpp, line 615]
Event: 0.826 Thread 0x000001df8501f000 Exception <a 'sun/nio/fs/WindowsException'{0x0000000712ed8240}> (0x0000000712ed8240) thrown at [./src/hotspot/share/prims/jni.cpp, line 615]
Event: 1.306 Thread 0x000001df8501f000 Exception <a 'java/lang/NoSuchMethodError'{0x0000000712d436b0}: 'void java.lang.invoke.DirectMethodHandle$Holder.invokeStaticInit(java.lang.Object, long, double, double)'> (0x0000000712d436b0) thrown at [./src/hotspot/share/interpreter/linkResolver.cpp, line 773]
Event: 1.312 Thread 0x000001df8501f000 Exception <a 'java/lang/NoSuchMethodError'{0x0000000712d55d58}: 'void java.lang.invoke.DirectMethodHandle$Holder.invokeStaticInit(java.lang.Object, long, int, int, int)'> (0x0000000712d55d58) thrown at [./src/hotspot/share/interpreter/linkResolver.cpp, line 773]
Event: 1.325 Thread 0x000001df8501f000 Exception <a 'java/lang/NoSuchMethodError'{0x0000000712d75ce8}: 'void java.lang.invoke.DirectMethodHandle$Holder.invokeStaticInit(java.lang.Object, long, int, int, int, int)'> (0x0000000712d75ce8) thrown at [./src/hotspot/share/interpreter/linkResolver.cpp, line 773]
Event: 1.418 Thread 0x000001df8501f000 Exception <a 'sun/nio/fs/WindowsException'{0x0000000712dc5258}> (0x0000000712dc5258) thrown at [./src/hotspot/share/prims/jni.cpp, line 615]
Event: 1.418 Thread 0x000001df8501f000 Exception <a 'sun/nio/fs/WindowsException'{0x0000000712dc5608}> (0x0000000712dc5608) thrown at [./src/hotspot/share/prims/jni.cpp, line 615]
Event: 1.430 Thread 0x000001df8501f000 Exception <a 'sun/nio/fs/WindowsException'{0x0000000712ddc510}> (0x0000000712ddc510) thrown at [./src/hotspot/share/prims/jni.cpp, line 615]
Event: 1.430 Thread 0x000001df8501f000 Exception <a 'sun/nio/fs/WindowsException'{0x0000000712ddc7f8}> (0x0000000712ddc7f8) thrown at [./src/hotspot/share/prims/jni.cpp, line 615]
Event: 2.047 Thread 0x000001df8501f000 Exception <a 'sun/nio/fs/WindowsException'{0x00000007124c6f90}> (0x00000007124c6f90) thrown at [./src/hotspot/share/prims/jni.cpp, line 615]
Event: 2.047 Thread 0x000001df8501f000 Exception <a 'sun/nio/fs/WindowsException'{0x00000007124c7318}> (0x00000007124c7318) thrown at [./src/hotspot/share/prims/jni.cpp, line 615]

Events (20 events):
Event: 1.952 loading class org/lwjgl/opengl/GL14C done
Event: 1.953 loading class org/lwjgl/opengl/GL13C
Event: 1.953 loading class org/lwjgl/opengl/GL13C done
Event: 1.954 loading class org/lwjgl/opengl/GL12C
Event: 1.954 loading class org/lwjgl/opengl/GL12C done
Event: 1.956 loading class org/lwjgl/opengl/GL11C
Event: 1.956 loading class org/lwjgl/opengl/GL11C done
Event: 1.965 loading class org/lwjgl/system/APIUtil$Encoder
Event: 1.965 loading class org/lwjgl/system/APIUtil$Encoder done
Event: 1.965 loading class org/lwjgl/system/APIUtil$Encoder
Event: 1.965 loading class org/lwjgl/system/APIUtil$Encoder done
Event: 2.017 loading class components/Spritesheet
Event: 2.017 loading class components/Spritesheet done
Event: 2.018 loading class renderer/Texture
Event: 2.018 loading class renderer/Texture done
Event: 2.020 loading class org/lwjgl/stb/STBImage
Event: 2.020 loading class org/lwjgl/stb/STBImage done
Event: 2.025 loading class org/lwjgl/stb/LibSTB
Event: 2.025 loading class org/lwjgl/stb/LibSTB done
Event: 2.051 Loaded shared library C:\Users\russe\AppData\Local\Temp\lwjglrusse\3.2.3-build-13\lwjgl_stb.dll


Dynamic libraries:
0x00007ff6e68d0000 - 0x00007ff6e68dd000 	C:\Program Files\AdoptOpenJDK\jdk-11.0.8.10-hotspot\bin\java.exe
0x00007ffe184b0000 - 0x00007ffe186a5000 	C:\WINDOWS\SYSTEM32\ntdll.dll
0x00007ffe17680000 - 0x00007ffe1773e000 	C:\WINDOWS\System32\KERNEL32.DLL
0x00007ffe15d30000 - 0x00007ffe15ff9000 	C:\WINDOWS\System32\KERNELBASE.dll
0x00007ffe16190000 - 0x00007ffe16290000 	C:\WINDOWS\System32\ucrtbase.dll
0x00007ffe05cc0000 - 0x00007ffe05cd7000 	C:\Program Files\AdoptOpenJDK\jdk-11.0.8.10-hotspot\bin\jli.dll
0x00007ffdfb0e0000 - 0x00007ffdfb0f5000 	C:\Program Files\AdoptOpenJDK\jdk-11.0.8.10-hotspot\bin\VCRUNTIME140.dll
0x00007ffe16ac0000 - 0x00007ffe16c61000 	C:\WINDOWS\System32\USER32.dll
0x00007ffe15d00000 - 0x00007ffe15d22000 	C:\WINDOWS\System32\win32u.dll
0x00007ffdfc8d0000 - 0x00007ffdfcb6a000 	C:\WINDOWS\WinSxS\amd64_microsoft.windows.common-controls_6595b64144ccf1df_6.0.19041.1110_none_60b5254171f9507e\COMCTL32.dll
0x00007ffe18050000 - 0x00007ffe1807b000 	C:\WINDOWS\System32\GDI32.dll
0x00007ffe16800000 - 0x00007ffe1689e000 	C:\WINDOWS\System32\msvcrt.dll
0x00007ffe16000000 - 0x00007ffe1610b000 	C:\WINDOWS\System32\gdi32full.dll
0x00007ffe15c60000 - 0x00007ffe15cfd000 	C:\WINDOWS\System32\msvcp_win.dll
0x00007ffe17e90000 - 0x00007ffe17ec0000 	C:\WINDOWS\System32\IMM32.DLL
0x00007ffde6cd0000 - 0x00007ffde6d6b000 	C:\Program Files\AdoptOpenJDK\jdk-11.0.8.10-hotspot\bin\msvcp140.dll
0x00007ffdcc7e0000 - 0x00007ffdcd29d000 	C:\Program Files\AdoptOpenJDK\jdk-11.0.8.10-hotspot\bin\server\jvm.dll
0x00007ffe16620000 - 0x00007ffe166cc000 	C:\WINDOWS\System32\ADVAPI32.dll
0x00007ffe17f40000 - 0x00007ffe17fdb000 	C:\WINDOWS\System32\sechost.dll
0x00007ffe16c70000 - 0x00007ffe16d9a000 	C:\WINDOWS\System32\RPCRT4.dll
0x00007ffe16dc0000 - 0x00007ffe16dc8000 	C:\WINDOWS\System32\PSAPI.DLL
0x00007ffdd02a0000 - 0x00007ffdd02a9000 	C:\WINDOWS\SYSTEM32\WSOCK32.dll
0x00007ffe12fe0000 - 0x00007ffe13007000 	C:\WINDOWS\SYSTEM32\WINMM.dll
0x00007ffe17fe0000 - 0x00007ffe1804b000 	C:\WINDOWS\System32\WS2_32.dll
0x00007ffe0ae70000 - 0x00007ffe0ae7a000 	C:\WINDOWS\SYSTEM32\VERSION.dll
0x00007ffe14450000 - 0x00007ffe14462000 	C:\WINDOWS\SYSTEM32\kernel.appcore.dll
0x00007ffe0afa0000 - 0x00007ffe0afb0000 	C:\Program Files\AdoptOpenJDK\jdk-11.0.8.10-hotspot\bin\verify.dll
0x00007ffe13950000 - 0x00007ffe13b34000 	C:\WINDOWS\SYSTEM32\DBGHELP.DLL
0x00007ffe12fb0000 - 0x00007ffe12fdc000 	C:\WINDOWS\SYSTEM32\dbgcore.DLL
0x00007ffe15bd0000 - 0x00007ffe15c53000 	C:\WINDOWS\System32\bcryptPrimitives.dll
0x00007ffdfa0c0000 - 0x00007ffdfa0e8000 	C:\Program Files\AdoptOpenJDK\jdk-11.0.8.10-hotspot\bin\java.dll
0x00007ffe09ba0000 - 0x00007ffe09baa000 	C:\Program Files\AdoptOpenJDK\jdk-11.0.8.10-hotspot\bin\jimage.dll
0x00007ffdf8960000 - 0x00007ffdf8977000 	C:\Program Files\AdoptOpenJDK\jdk-11.0.8.10-hotspot\bin\zip.dll
0x00007ffe17750000 - 0x00007ffe17e8f000 	C:\WINDOWS\System32\SHELL32.dll
0x00007ffe13c40000 - 0x00007ffe143d0000 	C:\WINDOWS\SYSTEM32\windows.storage.dll
0x00007ffe18110000 - 0x00007ffe18465000 	C:\WINDOWS\System32\combase.dll
0x00007ffe155b0000 - 0x00007ffe155dc000 	C:\WINDOWS\SYSTEM32\Wldp.dll
0x00007ffe169b0000 - 0x00007ffe16a5d000 	C:\WINDOWS\System32\SHCORE.dll
0x00007ffe16dd0000 - 0x00007ffe16e25000 	C:\WINDOWS\System32\shlwapi.dll
0x00007ffe15b10000 - 0x00007ffe15b2f000 	C:\WINDOWS\SYSTEM32\profapi.dll
0x00007ffdf6d10000 - 0x00007ffdf6d29000 	C:\Program Files\AdoptOpenJDK\jdk-11.0.8.10-hotspot\bin\net.dll
0x00007ffe0ea70000 - 0x00007ffe0eb78000 	C:\WINDOWS\SYSTEM32\WINHTTP.dll
0x00007ffe15310000 - 0x00007ffe1537a000 	C:\WINDOWS\system32\mswsock.dll
0x00007ffdf6c30000 - 0x00007ffdf6c42000 	C:\Program Files\AdoptOpenJDK\jdk-11.0.8.10-hotspot\bin\nio.dll
0x00007ffdd62c0000 - 0x00007ffdd6324000 	C:\Users\russe\AppData\Local\Temp\lwjglrusse\3.2.3-build-13\lwjgl.dll
0x00007ffdd07a0000 - 0x00007ffdd0802000 	C:\Users\russe\AppData\Local\Temp\lwjglrusse\3.2.3-build-13\glfw.dll
0x00007ffe12ec0000 - 0x00007ffe12f5e000 	C:\WINDOWS\system32\uxtheme.dll
0x00007ffdd0480000 - 0x00007ffdd04c5000 	C:\WINDOWS\SYSTEM32\dinput8.dll
0x00007ffdf4740000 - 0x00007ffdf4751000 	C:\WINDOWS\SYSTEM32\xinput1_4.dll
0x00007ffe16140000 - 0x00007ffe1618e000 	C:\WINDOWS\System32\cfgmgr32.dll
0x00007ffe15990000 - 0x00007ffe159c4000 	C:\WINDOWS\SYSTEM32\DEVOBJ.dll
0x00007ffe13340000 - 0x00007ffe1336f000 	C:\WINDOWS\SYSTEM32\dwmapi.dll
0x00007ffe054a0000 - 0x00007ffe055f2000 	C:\WINDOWS\SYSTEM32\inputhost.dll
0x00007ffe173f0000 - 0x00007ffe174bd000 	C:\WINDOWS\System32\OLEAUT32.dll
0x00007ffe13b40000 - 0x00007ffe13c36000 	C:\WINDOWS\SYSTEM32\PROPSYS.dll
0x00007ffe0ed70000 - 0x00007ffe0eec4000 	C:\WINDOWS\SYSTEM32\wintypes.dll
0x00007ffe0d330000 - 0x00007ffe0d68e000 	C:\WINDOWS\SYSTEM32\CoreUIComponents.dll
0x00007ffe0d690000 - 0x00007ffe0d782000 	C:\WINDOWS\SYSTEM32\CoreMessaging.dll
0x00007ffe14980000 - 0x00007ffe149b3000 	C:\WINDOWS\SYSTEM32\ntmarta.dll
0x00007ffe16500000 - 0x00007ffe16615000 	C:\WINDOWS\System32\MSCTF.dll
0x00007ffe14440000 - 0x00007ffe1444d000 	C:\WINDOWS\SYSTEM32\HID.DLL
0x00007ffe16f70000 - 0x00007ffe173e2000 	C:\WINDOWS\System32\SETUPAPI.DLL
0x00007ffe16110000 - 0x00007ffe16137000 	C:\WINDOWS\System32\bcrypt.dll
0x00007ffe164a0000 - 0x00007ffe16500000 	C:\WINDOWS\System32\WINTRUST.dll
0x00007ffe16290000 - 0x00007ffe163e6000 	C:\WINDOWS\System32\CRYPT32.dll
0x00007ffe157b0000 - 0x00007ffe157c2000 	C:\WINDOWS\SYSTEM32\MSASN1.dll
0x00007ffde7210000 - 0x00007ffde7335000 	C:\WINDOWS\SYSTEM32\opengl32.dll
0x00007ffdf1110000 - 0x00007ffdf113c000 	C:\WINDOWS\SYSTEM32\GLU32.dll
0x00007ffe16900000 - 0x00007ffe169a9000 	C:\WINDOWS\System32\clbcatq.dll
0x00007ffd89970000 - 0x00007ffd8a934000 	C:\WINDOWS\System32\DriverStore\FileRepository\iigd_dch.inf_amd64_e51f7a58015f231f\ig9icd64.dll
0x00007ffe166d0000 - 0x00007ffe167fa000 	C:\WINDOWS\System32\ole32.dll
0x00007ffe144c0000 - 0x00007ffe145b4000 	C:\WINDOWS\system32\dxgi.dll
0x00007ffdcbe80000 - 0x00007ffdcc2bc000 	C:\WINDOWS\System32\DriverStore\FileRepository\iigd_dch.inf_amd64_e51f7a58015f231f\igdml64.dll
0x00007ffe00940000 - 0x00007ffe00c76000 	C:\WINDOWS\System32\DriverStore\FileRepository\iigd_dch.inf_amd64_e51f7a58015f231f\igdgmm64.dll
0x00007ffdfd560000 - 0x00007ffe002ef000 	C:\WINDOWS\System32\DriverStore\FileRepository\iigd_dch.inf_amd64_e51f7a58015f231f\igc64.dll
0x00007ffe15670000 - 0x00007ffe156bb000 	C:\WINDOWS\SYSTEM32\powrprof.dll
0x00007ffe15620000 - 0x00007ffe15632000 	C:\WINDOWS\SYSTEM32\UMPDC.dll
0x00007ffe053a0000 - 0x00007ffe05499000 	C:\WINDOWS\SYSTEM32\textinputframework.dll
0x00007ffdcff70000 - 0x00007ffdcffc9000 	C:\Users\russe\AppData\Local\Temp\lwjglrusse\3.2.3-build-13\lwjgl_opengl.dll
0x00007ffdcfb20000 - 0x00007ffdcfb97000 	C:\Users\russe\AppData\Local\Temp\lwjglrusse\3.2.3-build-13\lwjgl_stb.dll

dbghelp: loaded successfully - version: 4.0.5 - missing functions: none
symbol engine: initialized successfully - sym options: 0x614 - pdb path: .;C:\Program Files\AdoptOpenJDK\jdk-11.0.8.10-hotspot\bin;C:\WINDOWS\SYSTEM32;C:\WINDOWS\WinSxS\amd64_microsoft.windows.common-controls_6595b64144ccf1df_6.0.19041.1110_none_60b5254171f9507e;C:\Program Files\AdoptOpenJDK\jdk-11.0.8.10-hotspot\bin\server;C:\Users\russe\AppData\Local\Temp\lwjglrusse\3.2.3-build-13;C:\WINDOWS\System32\DriverStore\FileRepository\iigd_dch.inf_amd64_e51f7a58015f231f

VM Arguments:
jvm_args: -Dfile.encoding=windows-1252 -Duser.country=US -Duser.language=en -Duser.variant -ea 
java_command: Main
java_class_path (initial): C:\Users\russe\OneDrive\Desktop\PlaceHolderGameName\build\classes\java\main;C:\Users\russe\OneDrive\Desktop\PlaceHolderGameName\build\resources\main;C:\Users\russe\.gradle\caches\modules-2\files-2.1\org.lwjgl\lwjgl-assimp\3.2.3\f62aa07a20afbdd3097efc296c4841e0d29700eb\lwjgl-assimp-3.2.3.jar;C:\Users\russe\.gradle\caches\modules-2\files-2.1\org.lwjgl\lwjgl-assimp\3.2.3\4e60aeb75f0343c4a9ede4ef8b6b32ca702a00a3\lwjgl-assimp-3.2.3-natives-windows.jar;C:\Users\russe\.gradle\caches\modules-2\files-2.1\org.lwjgl\lwjgl-glfw\3.2.3\5e520d5c290c8b012545a8d34fa5db5ab051ea53\lwjgl-glfw-3.2.3.jar;C:\Users\russe\.gradle\caches\modules-2\files-2.1\org.lwjgl\lwjgl-glfw\3.2.3\b4d8a3477cdc2edcf7a5f1e822926be846223f54\lwjgl-glfw-3.2.3-natives-windows.jar;C:\Users\russe\.gradle\caches\modules-2\files-2.1\org.lwjgl\lwjgl-nfd\3.2.3\c44fee1043c022cf6614a28872d44cf114ca7737\lwjgl-nfd-3.2.3.jar;C:\Users\russe\.gradle\caches\modules-2\files-2.1\org.lwjgl\lwjgl-nfd\3.2.3\32782f5f5c57769efb82af864e70b819c77bc891\lwjgl-nfd-3.2.3-natives-windows.jar;C:\Users\russe\.gradle\caches\modules-2\files-2.1\org.lwjgl\lwjgl-openal\3.2.3\106742e805803ab9eab8e343f0fb31a3d263903c\lwjgl-openal-3.2.3.jar;C:\Users\russe\.gradle\caches\modules-2\files-2.1\org.lwjgl\lwjgl-openal\3.2.3\ec898e8ce11b5886f4f532a1536283ef2817758d\lwjgl-openal-3.2.3-natives-windows.jar;C:\Users\russe\.gradle\caches\modules-2\files-2.1\org.lwjgl\lwjgl-opengl\3.2.3\bdd534a323d0c8f54969b95e424b6ac8984f7d6e\lwjgl-opengl-3.2.3.jar;C:\Users\russe\.gradle\caches\modules-2\files-2.1\org.lwjgl\lwjgl-opengl\3.2.3\e81cfc73ec8708e5e791ed770e4ec3edfc1bbab1\lwjgl-opengl-3.2.3-natives-windows.jar;C:\Users\russe\.gradle\caches\modules-2\files-2.1\org.lwjgl\lwjgl-stb\3.2.3\40eccaa4fa86fc815f2e17946a392fb5fdcc286a\lwjgl-stb-3.2.3.jar;C:\Users\russe\.gradle\caches\modules-2\files-2.1\org.lwjgl\lwjgl-stb\3.2.3\817b21ec286f0ba3dcedb56a3bd275e6a9345be9\lwjgl-stb-3.2.3-natives-windows.jar;C:\Users\russe\.gradle\caches\modules-2\fi
Launcher Type: SUN_STANDARD

[Global flags]
     intx CICompilerCount                          = 4                                         {product} {ergonomic}
     uint ConcGCThreads                            = 2                                         {product} {ergonomic}
     uint G1ConcRefinementThreads                  = 8                                         {product} {ergonomic}
   size_t G1HeapRegionSize                         = 1048576                                   {product} {ergonomic}
    uintx GCDrainStackTargetSize                   = 64                                        {product} {ergonomic}
   size_t InitialHeapSize                          = 266338304                                 {product} {ergonomic}
   size_t MarkStackSize                            = 4194304                                   {product} {ergonomic}
   size_t MaxHeapSize                              = 4238344192                                {product} {ergonomic}
   size_t MaxNewSize                               = 2542796800                                {product} {ergonomic}
   size_t MinHeapDeltaBytes                        = 1048576                                   {product} {ergonomic}
    uintx NonNMethodCodeHeapSize                   = 5836300                                {pd product} {ergonomic}
    uintx NonProfiledCodeHeapSize                  = 122910970                              {pd product} {ergonomic}
    uintx ProfiledCodeHeapSize                     = 122910970                              {pd product} {ergonomic}
    uintx ReservedCodeCacheSize                    = 251658240                              {pd product} {ergonomic}
     bool SegmentedCodeCache                       = true                                      {product} {ergonomic}
     bool UseCompressedClassPointers               = true                                 {lp64_product} {ergonomic}
     bool UseCompressedOops                        = true                                 {lp64_product} {ergonomic}
     bool UseG1GC                                  = true                                      {product} {ergonomic}
     bool UseLargePagesIndividualAllocation        = false                                  {pd product} {ergonomic}

Logging:
Log output configuration:
 #0: stdout all=warning uptime,level,tags
 #1: stderr all=off uptime,level,tags

Environment Variables:
PATH=C:\Perl64\bin;C:\Users\russe\AppData\Roaming\ActiveState\bin;C:\Program Files (x86)\Common Files\Oracle\Java\javapath;C:\Program Files\AdoptOpenJDK\jdk-11.0.8.10-hotspot\bin;C:\WINDOWS\system32;C:\WINDOWS;C:\WINDOWS\System32\Wbem;C:\WINDOWS\System32\WindowsPowerShell\v1.0\;C:\WINDOWS\System32\OpenSSH\;C:\Program Files\Git\cmd;C:\Users\russe\AppData\Local\Programs\Python\Python38-32\Scripts\;C:\Users\russe\AppData\Local\Programs\Python\Python38-32\;C:\Users\russe\AppData\Local\Microsoft\WindowsApps;C:\Users\russe\AppData\Local\Programs\Microsoft VS Code\bin;C:\Users\russe\AppData\Local\atom\bin;C:\ProgramData\russe\atom\bin
USERNAME=russe
OS=Windows_NT
PROCESSOR_IDENTIFIER=Intel64 Family 6 Model 158 Stepping 10, GenuineIntel



---------------  S Y S T E M  ---------------

OS: Windows 10 , 64 bit Build 19041 (10.0.19041.1202)
OS uptime: 2 days 20:34 hours

CPU:total 8 (initial active 8) (4 cores per cpu, 2 threads per core) family 6 model 158 stepping 10, cmov, cx8, fxsr, mmx, sse, sse2, sse3, ssse3, sse4.1, sse4.2, popcnt, avx, avx2, aes, clmul, erms, 3dnowpref, lzcnt, ht, tsc, tscinvbit, bmi1, bmi2, adx, fma

Memory: 4k page, system-wide physical 16165M (5965M free)
TotalPageFile size 21541M (AvailPageFile size 3910M)
current process WorkingSet (physical memory assigned to process): 150M, peak: 150M
current process commit charge ("private bytes"): 374M, peak: 374M

vm_info: OpenJDK 64-Bit Server VM (11.0.8+10) for windows-amd64 JRE (11.0.8+10), built on Jul 15 2020 11:45:54 by "" with MS VC++ 15.9 (VS2017)

END.
